Сборка начата 07.07.2015 22:35:33.
     1>Проект "c:\Users\AG\documents\visual studio 2012\Projects\RoboLabWP\RoboLabWP\RoboLabWPComp\RoboLabWPComp.vcxproj" в узле 3 (целевые объекты Rebuild).
     1>ClCompile:
         C:\Program Files (x86)\Microsoft Visual Studio 11.0\VC\WPSDK\WP80\bin\CL.exe /c /I"c:\Users\AG\documents\visual studio 2012\Projects\RoboLabWP\RoboLabWP\RoboLabWPComp\\" /I"Generated Files\\" /IDebug\ /AI"C:\Program Files (x86)\Windows Phone Kits\8.0\Windows Metadata" /ZI /ZW /ZW:nostdlib /nologo /W3 /WX- /sdl /MP /Od /Oy- /D _WINRT_DLL /D _WINDLL /D _UNICODE /D UNICODE /D _DEBUG /D WINAPI_FAMILY=WINAPI_FAMILY_PHONE_APP /Gm- /EHsc /RTC1 /MDd /GS /fp:precise /Zc:wchar_t /Zc:forScope /Yc"pch.h" /Fp"Debug\RoboLabWPComp.pch" /Fo"Debug\\" /Fd"Debug\vc110.pdb" /Gd /TP /FU"C:\Program Files (x86)\Microsoft Visual Studio 11.0\VC\WPSDK\WP80\lib\platform.winmd" /FU"C:\Program Files (x86)\Windows Phone Kits\8.0\Windows Metadata\Windows.winmd" /analyze- /errorReport:prompt pch.cpp
         pch.cpp
         C:\Program Files (x86)\Microsoft Visual Studio 11.0\VC\WPSDK\WP80\bin\CL.exe /c /I"c:\Users\AG\documents\visual studio 2012\Projects\RoboLabWP\RoboLabWP\RoboLabWPComp\\" /I"Generated Files\\" /IDebug\ /AI"C:\Program Files (x86)\Windows Phone Kits\8.0\Windows Metadata" /ZI /ZW /ZW:nostdlib /nologo /W3 /WX- /sdl /MP /Od /Oy- /D _WINRT_DLL /D _WINDLL /D _UNICODE /D UNICODE /D _DEBUG /D WINAPI_FAMILY=WINAPI_FAMILY_PHONE_APP /Gm- /EHsc /RTC1 /MDd /GS /fp:precise /Zc:wchar_t /Zc:forScope /Yu"pch.h" /Fp"Debug\RoboLabWPComp.pch" /Fo"Debug\\" /Fd"Debug\vc110.pdb" /Gd /TP /FU"C:\Program Files (x86)\Microsoft Visual Studio 11.0\VC\WPSDK\WP80\lib\platform.winmd" /FU"C:\Program Files (x86)\Windows Phone Kits\8.0\Windows Metadata\Windows.winmd" /analyze- /errorReport:prompt AngleBase.cpp Direct3DInterop.cpp CubeRenderer.cpp Direct3DContentProvider.cpp RoboLabWP.cpp
         AngleBase.cpp
         Direct3DInterop.cpp
         CubeRenderer.cpp
     1>c:\users\ag\documents\visual studio 2012\projects\robolabwp\robolabwp\robolabwpcomp\cuberenderer.cpp(28): error C3861: glProgramBinaryOES: идентификатор не найден
         Direct3DContentProvider.cpp
         RoboLabWP.cpp
     1>c:\users\ag\documents\visual studio 2012\projects\robolabwp\robolabwp\robolabwpcomp\direct3dinterop.h(11): error C2086: RoboLabWPComp::RequestAdditionalFrameHandler : переопределение (RoboLabWP.cpp)
                 c:\users\ag\documents\visual studio 2012\projects\robolabwp\robolabwp\robolabwpcomp\robolabwp.h(10): см. объявление "RoboLabWPComp::RequestAdditionalFrameHandler"
     1>c:\users\ag\documents\visual studio 2012\projects\robolabwp\robolabwp\robolabwpcomp\robolabwp.h(10): error C2440: static_cast: невозможно преобразовать "RoboLabWPComp::RequestAdditionalFrameHandler ^const " в "RoboLabWPComp::RequestAdditionalFrameHandler::__abi_IDelegate ^" (RoboLabWP.cpp)
                 Оператор определенного пользователем преобразования недоступен, или
                 Типы, на которые указывают указатели, не связаны; для преобразования требуется reinterpret_cast, приведение в стиле С или приведение в стиле функции
                 Сообщение диагностики возникло в созданной компилятором функции "long RoboLabWPComp::RequestAdditionalFrameHandler::__abi_QueryInterface(Platform::Guid &,void **)"
     1>c:\users\ag\documents\visual studio 2012\projects\robolabwp\robolabwp\robolabwpcomp\robolabwp.h(10): error C3536: thisVtable: не может использоваться до инициализации (RoboLabWP.cpp)
     1>c:\users\ag\documents\visual studio 2012\projects\robolabwp\robolabwp\robolabwpcomp\robolabwp.h(10): error C2446: ==: нет преобразования "void (__cdecl *const *)(void)" в "int" (RoboLabWP.cpp)
                 Не существует контекста, в котором такое преобразование возможно
     1>c:\users\ag\documents\visual studio 2012\projects\robolabwp\robolabwp\robolabwpcomp\robolabwp.h(10): error C2040: ==: "int" отличается по уровням косвенного обращения от "void (__cdecl *const *)(void)" (RoboLabWP.cpp)
     1>c:\users\ag\documents\visual studio 2012\projects\robolabwp\robolabwp\robolabwpcomp\robolabwp.h(10): error C2227: выражение слева от "->Invoke" должно указывать на тип класса, структуры или объединения либо на универсальный тип (RoboLabWP.cpp)
     1>Построение проекта "c:\Users\AG\documents\visual studio 2012\Projects\RoboLabWP\RoboLabWP\RoboLabWPComp\RoboLabWPComp.vcxproj" завершено (целевые объекты Rebuild) с ошибкой.

Сбой построения.

Затраченное время: 00:00:07.52
