C:\USERS\AG\DOCUMENTS\VISUAL STUDIO 2012\PROJECTS\ROBOLABWP\ROBOLABWP\ROBOLABWPCOMP\DEBUG\ROBOLABWPCOMP.PCH
C:\USERS\AG\DOCUMENTS\VISUAL STUDIO 2012\PROJECTS\ROBOLABWP\ROBOLABWP\ROBOLABWPCOMP\DEBUG\PCH.OBJ
C:\USERS\AG\DOCUMENTS\VISUAL STUDIO 2012\PROJECTS\ROBOLABWP\ROBOLABWP\ROBOLABWPCOMP\DEBUG\VC110.PDB
C:\USERS\AG\DOCUMENTS\VISUAL STUDIO 2012\PROJECTS\ROBOLABWP\ROBOLABWP\ROBOLABWPCOMP\DEBUG\CUBERENDERER.OBJ
C:\USERS\AG\DOCUMENTS\VISUAL STUDIO 2012\PROJECTS\ROBOLABWP\ROBOLABWP\ROBOLABWPCOMP\DEBUG\DIRECT3DBASE.OBJ
C:\USERS\AG\DOCUMENTS\VISUAL STUDIO 2012\PROJECTS\ROBOLABWP\ROBOLABWP\ROBOLABWPCOMP\DEBUG\DIRECT3DINTEROP.OBJ
C:\USERS\AG\DOCUMENTS\VISUAL STUDIO 2012\PROJECTS\ROBOLABWP\ROBOLABWP\ROBOLABWPCOMP\DEBUG\DIRECT3DCONTENTPROVIDER.OBJ
C:\USERS\AG\DOCUMENTS\VISUAL STUDIO 2012\PROJECTS\ROBOLABWP\DEBUG\ROBOLABWPCOMP\SIMPLEPIXELSHADER.CSO
C:\USERS\AG\DOCUMENTS\VISUAL STUDIO 2012\PROJECTS\ROBOLABWP\DEBUG\ROBOLABWPCOMP\SIMPLEVERTEXSHADER.CSO
C:\USERS\AG\DOCUMENTS\VISUAL STUDIO 2012\PROJECTS\ROBOLABWP\DEBUG\ROBOLABWPCOMP\ROBOLABWPCOMP.ILK
C:\USERS\AG\DOCUMENTS\VISUAL STUDIO 2012\PROJECTS\ROBOLABWP\DEBUG\ROBOLABWPCOMP\ROBOLABWPCOMP.DLL
C:\USERS\AG\DOCUMENTS\VISUAL STUDIO 2012\PROJECTS\ROBOLABWP\DEBUG\ROBOLABWPCOMP\ROBOLABWPCOMP.WINMD
C:\USERS\AG\DOCUMENTS\VISUAL STUDIO 2012\PROJECTS\ROBOLABWP\DEBUG\ROBOLABWPCOMP\ROBOLABWPCOMP.PDB
c:\users\ag\documents\visual studio 2012\Projects\RoboLabWP\Debug\RoboLabWPComp\SimplePixelShader.cso
c:\users\ag\documents\visual studio 2012\Projects\RoboLabWP\Debug\RoboLabWPComp\SimpleVertexShader.cso
c:\users\ag\documents\visual studio 2012\Projects\RoboLabWP\Debug\RoboLabWPComp\RoboLabWPComp.lib
c:\users\ag\documents\visual studio 2012\Projects\RoboLabWP\Debug\RoboLabWPComp\RoboLabWPComp.exp
c:\Users\AG\documents\visual studio 2012\Projects\RoboLabWP\RoboLabWP\RoboLabWPComp\Debug\RoboLabWPComp.vcxprojResolveAssemblyReference.cache
c:\Users\AG\documents\visual studio 2012\Projects\RoboLabWP\RoboLabWP\RoboLabWPComp\Debug\CubeRenderer.obj
c:\Users\AG\documents\visual studio 2012\Projects\RoboLabWP\RoboLabWP\RoboLabWPComp\Debug\Direct3DBase.obj
c:\Users\AG\documents\visual studio 2012\Projects\RoboLabWP\RoboLabWP\RoboLabWPComp\Debug\Direct3DContentProvider.obj
c:\Users\AG\documents\visual studio 2012\Projects\RoboLabWP\RoboLabWP\RoboLabWPComp\Debug\Direct3DInterop.obj
c:\Users\AG\documents\visual studio 2012\Projects\RoboLabWP\RoboLabWP\RoboLabWPComp\Debug\pch.obj
c:\Users\AG\documents\visual studio 2012\Projects\RoboLabWP\RoboLabWP\RoboLabWPComp\Debug\CL.3848.read.1.tlog
c:\Users\AG\documents\visual studio 2012\Projects\RoboLabWP\RoboLabWP\RoboLabWPComp\Debug\CL.3848.write.1.tlog
c:\Users\AG\documents\visual studio 2012\Projects\RoboLabWP\RoboLabWP\RoboLabWPComp\Debug\CL.5924.read.1.tlog
c:\Users\AG\documents\visual studio 2012\Projects\RoboLabWP\RoboLabWP\RoboLabWPComp\Debug\CL.5924.write.1.tlog
c:\Users\AG\documents\visual studio 2012\Projects\RoboLabWP\RoboLabWP\RoboLabWPComp\Debug\cl.command.1.tlog
c:\Users\AG\documents\visual studio 2012\Projects\RoboLabWP\RoboLabWP\RoboLabWPComp\Debug\CL.read.1.tlog
c:\Users\AG\documents\visual studio 2012\Projects\RoboLabWP\RoboLabWP\RoboLabWPComp\Debug\CL.write.1.tlog
c:\Users\AG\documents\visual studio 2012\Projects\RoboLabWP\RoboLabWP\RoboLabWPComp\Debug\FXC.command.1.tlog
c:\Users\AG\documents\visual studio 2012\Projects\RoboLabWP\RoboLabWP\RoboLabWPComp\Debug\fxc.read.1.tlog
c:\Users\AG\documents\visual studio 2012\Projects\RoboLabWP\RoboLabWP\RoboLabWPComp\Debug\fxc.write.1.tlog
c:\Users\AG\documents\visual studio 2012\Projects\RoboLabWP\RoboLabWP\RoboLabWPComp\Debug\link.command.1.tlog
c:\Users\AG\documents\visual studio 2012\Projects\RoboLabWP\RoboLabWP\RoboLabWPComp\Debug\link.read.1.tlog
c:\Users\AG\documents\visual studio 2012\Projects\RoboLabWP\RoboLabWP\RoboLabWPComp\Debug\link.write.1.tlog
c:\Users\AG\documents\visual studio 2012\Projects\RoboLabWP\RoboLabWP\RoboLabWPComp\Debug\RoboLabWPComp.write.1.tlog
c:\Users\AG\documents\visual studio 2012\Projects\RoboLabWP\RoboLabWP\RoboLabWPComp\Debug\RoboLabWPComp.pch
c:\Users\AG\documents\visual studio 2012\Projects\RoboLabWP\RoboLabWP\RoboLabWPComp\Debug\vc110.idb
c:\Users\AG\documents\visual studio 2012\Projects\RoboLabWP\RoboLabWP\RoboLabWPComp\Debug\vc110.pdb
c:\users\ag\documents\visual studio 2012\Projects\RoboLabWP\Debug\RoboLabWPComp\RoboLabWPComp.pdb
c:\users\ag\documents\visual studio 2012\Projects\RoboLabWP\Debug\RoboLabWPComp\RoboLabWPComp.dll
c:\users\ag\documents\visual studio 2012\Projects\RoboLabWP\Debug\RoboLabWPComp\RoboLabWPComp.ilk
