C:\USERS\AG\DOCUMENTS\VISUAL STUDIO 2012\PROJECTS\ROBOLABWP\ROBOLABWP\ROBOLABWPCOMP\ARM\DEBUG\ROBOLABWPCOMP.PCH
C:\USERS\AG\DOCUMENTS\VISUAL STUDIO 2012\PROJECTS\ROBOLABWP\ROBOLABWP\ROBOLABWPCOMP\ARM\DEBUG\PCH.OBJ
C:\USERS\AG\DOCUMENTS\VISUAL STUDIO 2012\PROJECTS\ROBOLABWP\ROBOLABWP\ROBOLABWPCOMP\ARM\DEBUG\VC110.PDB
C:\USERS\AG\DOCUMENTS\VISUAL STUDIO 2012\PROJECTS\ROBOLABWP\ROBOLABWP\ROBOLABWPCOMP\ARM\DEBUG\ANGLEBASE.OBJ
C:\USERS\AG\DOCUMENTS\VISUAL STUDIO 2012\PROJECTS\ROBOLABWP\ROBOLABWP\ROBOLABWPCOMP\ARM\DEBUG\DIRECT3DINTEROP.OBJ
C:\USERS\AG\DOCUMENTS\VISUAL STUDIO 2012\PROJECTS\ROBOLABWP\ROBOLABWP\ROBOLABWPCOMP\ARM\DEBUG\MZGAME.OBJ
C:\USERS\AG\DOCUMENTS\VISUAL STUDIO 2012\PROJECTS\ROBOLABWP\ROBOLABWP\ROBOLABWPCOMP\ARM\DEBUG\MZVISITSMATRIX.OBJ
C:\USERS\AG\DOCUMENTS\VISUAL STUDIO 2012\PROJECTS\ROBOLABWP\ROBOLABWP\ROBOLABWPCOMP\ARM\DEBUG\MZMATRIXSYSTEM.OBJ
C:\USERS\AG\DOCUMENTS\VISUAL STUDIO 2012\PROJECTS\ROBOLABWP\ROBOLABWP\ROBOLABWPCOMP\ARM\DEBUG\MZPROGRAM.OBJ
C:\USERS\AG\DOCUMENTS\VISUAL STUDIO 2012\PROJECTS\ROBOLABWP\ROBOLABWP\ROBOLABWPCOMP\ARM\DEBUG\MZCOLOR.OBJ
C:\USERS\AG\DOCUMENTS\VISUAL STUDIO 2012\PROJECTS\ROBOLABWP\ROBOLABWP\ROBOLABWPCOMP\ARM\DEBUG\MZGEOMETRY.OBJ
C:\USERS\AG\DOCUMENTS\VISUAL STUDIO 2012\PROJECTS\ROBOLABWP\ROBOLABWP\ROBOLABWPCOMP\ARM\DEBUG\MZVERTEXSYSTEM.OBJ
C:\USERS\AG\DOCUMENTS\VISUAL STUDIO 2012\PROJECTS\ROBOLABWP\ROBOLABWP\ROBOLABWPCOMP\ARM\DEBUG\CUBERENDERER.OBJ
C:\USERS\AG\DOCUMENTS\VISUAL STUDIO 2012\PROJECTS\ROBOLABWP\ROBOLABWP\ROBOLABWPCOMP\ARM\DEBUG\DIRECT3DCONTENTPROVIDER.OBJ
C:\USERS\AG\DOCUMENTS\VISUAL STUDIO 2012\PROJECTS\ROBOLABWP\ROBOLABWP\ROBOLABWPCOMP\ARM\DEBUG\MZMOTION.OBJ
C:\USERS\AG\DOCUMENTS\VISUAL STUDIO 2012\PROJECTS\ROBOLABWP\ROBOLABWP\ROBOLABWPCOMP\ARM\DEBUG\MZPOSITION.OBJ
C:\USERS\AG\DOCUMENTS\VISUAL STUDIO 2012\PROJECTS\ROBOLABWP\ROBOLABWP\ROBOLABWPCOMP\ARM\DEBUG\MZBUTTON.OBJ
C:\USERS\AG\DOCUMENTS\VISUAL STUDIO 2012\PROJECTS\ROBOLABWP\ROBOLABWP\ROBOLABWPCOMP\ARM\DEBUG\MZEXIT.OBJ
C:\USERS\AG\DOCUMENTS\VISUAL STUDIO 2012\PROJECTS\ROBOLABWP\ROBOLABWP\ROBOLABWPCOMP\ARM\DEBUG\MZFLOW.OBJ
C:\USERS\AG\DOCUMENTS\VISUAL STUDIO 2012\PROJECTS\ROBOLABWP\ROBOLABWP\ROBOLABWPCOMP\ARM\DEBUG\MZONEWAYWALL.OBJ
C:\USERS\AG\DOCUMENTS\VISUAL STUDIO 2012\PROJECTS\ROBOLABWP\ROBOLABWP\ROBOLABWPCOMP\ARM\DEBUG\MZROTATINGCELL.OBJ
C:\USERS\AG\DOCUMENTS\VISUAL STUDIO 2012\PROJECTS\ROBOLABWP\ROBOLABWP\ROBOLABWPCOMP\ARM\DEBUG\MZCELL.OBJ
C:\USERS\AG\DOCUMENTS\VISUAL STUDIO 2012\PROJECTS\ROBOLABWP\ROBOLABWP\ROBOLABWPCOMP\ARM\DEBUG\MZCELLMATRIX.OBJ
C:\USERS\AG\DOCUMENTS\VISUAL STUDIO 2012\PROJECTS\ROBOLABWP\ROBOLABWP\ROBOLABWPCOMP\ARM\DEBUG\MZMAZE.OBJ
C:\USERS\AG\DOCUMENTS\VISUAL STUDIO 2012\PROJECTS\ROBOLABWP\ROBOLABWP\ROBOLABWPCOMP\ARM\DEBUG\MZALPHAMAP.OBJ
C:\USERS\AG\DOCUMENTS\VISUAL STUDIO 2012\PROJECTS\ROBOLABWP\ROBOLABWP\ROBOLABWPCOMP\ARM\DEBUG\MZANIMATIONSYSTEM.OBJ
C:\USERS\AG\DOCUMENTS\VISUAL STUDIO 2012\PROJECTS\ROBOLABWP\ROBOLABWP\ROBOLABWPCOMP\ARM\DEBUG\MZSHADERSYSTEM.OBJ
C:\USERS\AG\DOCUMENTS\VISUAL STUDIO 2012\PROJECTS\ROBOLABWP\ROBOLABWP\ROBOLABWPCOMP\ARM\DEBUG\MZTEXTURESYSTEM.OBJ
C:\USERS\AG\DOCUMENTS\VISUAL STUDIO 2012\PROJECTS\ROBOLABWP\ROBOLABWP\ROBOLABWPCOMP\ARM\DEBUG\MZVERTEXARRAYOBJECT.OBJ
C:\USERS\AG\DOCUMENTS\VISUAL STUDIO 2012\PROJECTS\ROBOLABWP\ROBOLABWP\ROBOLABWPCOMP\ARM\DEBUG\MZVERTEXBUFFER.OBJ
c:\Users\AG\Documents\Visual Studio 2012\Projects\RoboLabWP\RoboLabWP\RoboLabWPComp\ARM\Debug\AngleBase.obj
c:\Users\AG\Documents\Visual Studio 2012\Projects\RoboLabWP\RoboLabWP\RoboLabWPComp\ARM\Debug\CubeRenderer.obj
c:\Users\AG\Documents\Visual Studio 2012\Projects\RoboLabWP\RoboLabWP\RoboLabWPComp\ARM\Debug\Direct3DContentProvider.obj
c:\Users\AG\Documents\Visual Studio 2012\Projects\RoboLabWP\RoboLabWP\RoboLabWPComp\ARM\Debug\Direct3DInterop.obj
c:\Users\AG\Documents\Visual Studio 2012\Projects\RoboLabWP\RoboLabWP\RoboLabWPComp\ARM\Debug\MZAlphaMap.obj
c:\Users\AG\Documents\Visual Studio 2012\Projects\RoboLabWP\RoboLabWP\RoboLabWPComp\ARM\Debug\MZAnimationSystem.obj
c:\Users\AG\Documents\Visual Studio 2012\Projects\RoboLabWP\RoboLabWP\RoboLabWPComp\ARM\Debug\MZButton.obj
c:\Users\AG\Documents\Visual Studio 2012\Projects\RoboLabWP\RoboLabWP\RoboLabWPComp\ARM\Debug\MZCell.obj
c:\Users\AG\Documents\Visual Studio 2012\Projects\RoboLabWP\RoboLabWP\RoboLabWPComp\ARM\Debug\MZCellMatrix.obj
c:\Users\AG\Documents\Visual Studio 2012\Projects\RoboLabWP\RoboLabWP\RoboLabWPComp\ARM\Debug\MZColor.obj
c:\Users\AG\Documents\Visual Studio 2012\Projects\RoboLabWP\RoboLabWP\RoboLabWPComp\ARM\Debug\MZExit.obj
c:\Users\AG\Documents\Visual Studio 2012\Projects\RoboLabWP\RoboLabWP\RoboLabWPComp\ARM\Debug\MZFlow.obj
c:\Users\AG\Documents\Visual Studio 2012\Projects\RoboLabWP\RoboLabWP\RoboLabWPComp\ARM\Debug\MZGame.obj
c:\Users\AG\Documents\Visual Studio 2012\Projects\RoboLabWP\RoboLabWP\RoboLabWPComp\ARM\Debug\MZGeometry.obj
c:\Users\AG\Documents\Visual Studio 2012\Projects\RoboLabWP\RoboLabWP\RoboLabWPComp\ARM\Debug\MZMatrixSystem.obj
c:\Users\AG\Documents\Visual Studio 2012\Projects\RoboLabWP\RoboLabWP\RoboLabWPComp\ARM\Debug\MZMaze.obj
c:\Users\AG\Documents\Visual Studio 2012\Projects\RoboLabWP\RoboLabWP\RoboLabWPComp\ARM\Debug\MZMotion.obj
c:\Users\AG\Documents\Visual Studio 2012\Projects\RoboLabWP\RoboLabWP\RoboLabWPComp\ARM\Debug\MZOneWayWall.obj
c:\Users\AG\Documents\Visual Studio 2012\Projects\RoboLabWP\RoboLabWP\RoboLabWPComp\ARM\Debug\MZPosition.obj
c:\Users\AG\Documents\Visual Studio 2012\Projects\RoboLabWP\RoboLabWP\RoboLabWPComp\ARM\Debug\MZProgram.obj
c:\Users\AG\Documents\Visual Studio 2012\Projects\RoboLabWP\RoboLabWP\RoboLabWPComp\ARM\Debug\MZRotatingCell.obj
c:\Users\AG\Documents\Visual Studio 2012\Projects\RoboLabWP\RoboLabWP\RoboLabWPComp\ARM\Debug\MZShaderSystem.obj
c:\Users\AG\Documents\Visual Studio 2012\Projects\RoboLabWP\RoboLabWP\RoboLabWPComp\ARM\Debug\MZTextureSystem.obj
c:\Users\AG\Documents\Visual Studio 2012\Projects\RoboLabWP\RoboLabWP\RoboLabWPComp\ARM\Debug\MZVertexArrayObject.obj
c:\Users\AG\Documents\Visual Studio 2012\Projects\RoboLabWP\RoboLabWP\RoboLabWPComp\ARM\Debug\MZVertexBuffer.obj
c:\Users\AG\Documents\Visual Studio 2012\Projects\RoboLabWP\RoboLabWP\RoboLabWPComp\ARM\Debug\MZVertexSystem.obj
c:\Users\AG\Documents\Visual Studio 2012\Projects\RoboLabWP\RoboLabWP\RoboLabWPComp\ARM\Debug\MZVisitsMatrix.obj
c:\Users\AG\Documents\Visual Studio 2012\Projects\RoboLabWP\RoboLabWP\RoboLabWPComp\ARM\Debug\pch.obj
c:\Users\AG\Documents\Visual Studio 2012\Projects\RoboLabWP\RoboLabWP\RoboLabWPComp\ARM\Debug\CL.1168.read.1.tlog
c:\Users\AG\Documents\Visual Studio 2012\Projects\RoboLabWP\RoboLabWP\RoboLabWPComp\ARM\Debug\CL.1168.write.1.tlog
c:\Users\AG\Documents\Visual Studio 2012\Projects\RoboLabWP\RoboLabWP\RoboLabWPComp\ARM\Debug\CL.4736.read.1.tlog
c:\Users\AG\Documents\Visual Studio 2012\Projects\RoboLabWP\RoboLabWP\RoboLabWPComp\ARM\Debug\CL.4736.write.1.tlog
c:\Users\AG\Documents\Visual Studio 2012\Projects\RoboLabWP\RoboLabWP\RoboLabWPComp\ARM\Debug\cl.command.1.tlog
c:\Users\AG\Documents\Visual Studio 2012\Projects\RoboLabWP\RoboLabWP\RoboLabWPComp\ARM\Debug\CL.read.1.tlog
c:\Users\AG\Documents\Visual Studio 2012\Projects\RoboLabWP\RoboLabWP\RoboLabWPComp\ARM\Debug\CL.write.1.tlog
c:\Users\AG\Documents\Visual Studio 2012\Projects\RoboLabWP\RoboLabWP\RoboLabWPComp\ARM\Debug\RoboLabWPComp.pch
c:\Users\AG\Documents\Visual Studio 2012\Projects\RoboLabWP\RoboLabWP\RoboLabWPComp\ARM\Debug\vc110.pdb
